[www.gob.pe/institucion/regionsanmartin/pages/8858-acceder-a-educacion-a-distancia-aprendo-en-casa.html]
[www.google-analytics.com/analytics.js]
[backblue.gif]
[fade.gif]
[index.html]
[www.gob.pe/packs/css/application_base-c07654b5.css]
[www.gob.pe/assets/application-e2469c7cf46997a6a8bc882b3a72c4c6aff5e253e1f71c9fe88ef51e329e9ce7.css]
[www.gob.pe/assets/favicons/apple-icon-57x57-8580b1c0b58377af92ccda2506f90c8f8a11ea3cc87c0e788032ec856b5a4e0f.png]
[www.gob.pe/assets/favicons/apple-icon-60x60-61eee7442ffe06019724355f923e4fde5dc285f2f259976028b126696ab89e85.png]
[www.gob.pe/packs/js/application_base-ec152e5ebbdc53e9b7e5.js]
[www.gob.pe/assets/favicons/apple-icon-72x72-47c8ab534f466f304d60ac55a62c9eea13e522f108f3bf87508680d34cb3478f.png]
[www.gob.pe/assets/favicons/apple-icon-76x76-c576824f822cbf3db7e825fad4aad2e9d7df67528bfb5b739c867111e4ccf1c3.png]
[www.gob.pe/assets/favicons/apple-icon-114x114-a5faa45cba3b1bad7cf13c50f6b594612dfb1df7614e2730f091474f8029fefa.png]
[www.gob.pe/assets/favicons/apple-icon-120x120-3586ba0b239f8b8eb12b3cd607d47cff64e1b621c19cf2ded1c8d0a0d73ef6b2.png]
[www.gob.pe/assets/favicons/apple-icon-144x144-b549ad126518a15cb6392af045464b3bebfedad0d646a227add2f17dd9659a62.png]
[www.gob.pe/assets/favicons/apple-icon-152x152-40aa09e34612202fdfdb351644c342db21244591929c8baa794eb775e7eacd6e.png]
[www.gob.pe/assets/favicons/apple-icon-180x180-55bc650e5a1780ec2c982f237821f7ab18cd0491c07c9cc972ca51fdd6310f47.png]
[www.gob.pe/assets/favicons/android-icon-192x192-75626aba0d0a3865276a1848bd01f3af892dbeccf417aa1c078754d3584d8764.png]
[www.gob.pe/institucion/regionsanmartin/pages/8858-acceder-a-educacion-a-distancia-aprendo-en-casa.html]
[www.gob.pe/packs/css/icons/icon-other-language.svg]
[www.gob.pe/packs/css/icons/icon-other-language-white.svg]
[www.gob.pe/packs/css/application_base-c07654b5.css]
[www.gob.pe/packs/css/application_print-a67c59a6.css]
[www.gob.pe/assets/application-e2469c7cf46997a6a8bc882b3a72c4c6aff5e253e1f71c9fe88ef51e329e9ce7.css]
[www.gob.pe/packs/css/icons/icon-other-language.html]
[www.gob.pe/packs/css/icons/icon-other-language-white.html]
